<?xml version="1.0" encoding="UTF-8"?>
<testsuite xmlns:xsi="http://www.w3.org/2001/XMLSchema-instance" xsi:noNamespaceSchemaLocation="https://maven.apache.org/surefire/maven-surefire-plugin/xsd/surefire-test-report-3.0.xsd" version="3.0" name="IsValidTest" time="0.032" tests="10" errors="0" skipped="0" failures="0">
  <properties>
[...]
</properties>
  <testcase name="returnFalse_whenNilaiUASLebihDari100" classname="IsValidTest" time="0.001"/>
  <testcase name="returnFalse_whenNilaiUASNegatif" classname="IsValidTest" time="0.002"/>
  <testcase name="returnFalse_whenNilaiUTSNegatif" classname="IsValidTest" time="0.001"/>
  <testcase name="returnFalse_whenNilaiTugasLebihDari100" classname="IsValidTest" time="0.003"/>
  <testcase name="returnFalse_whenSemuaNilaiNol" classname="IsValidTest" time="0.002"/>
  <testcase name="returnFalse_whenNilaiUTSLebihDari100" classname="IsValidTest" time="0.002"/>
  <testcase name="returnTrue_whenSatuNilaiNolTidakSemuaNol" classname="IsValidTest" time="0.002"/>
  <testcase name="returnTrue_whenNilaiTepatBatasAtas" classname="IsValidTest" time="0.003"/>
  <testcase name="returnTrue_whenSemuaNilaiValid" classname="IsValidTest" time="0.001"/>
  <testcase name="returnFalse_whenNilaiTugasNegatif" classname="IsValidTest" time="0.001"/>
</testsuite>