<?xml version="1.0" encoding="UTF-8"?>
<testsuite xmlns:xsi="http://www.w3.org/2001/XMLSchema-instance" xsi:noNamespaceSchemaLocation="https://maven.apache.org/surefire/maven-surefire-plugin/xsd/surefire-test-report-3.0.xsd" version="3.0" name="PassStatusModuleTest" time="0.019" tests="11" errors="0" skipped="0" failures="0">
  <properties>
[...]
</properties>
  <testcase name="testKonstantaBatasLulus" classname="PassStatusModuleTest" time="0.0"/>
  <testcase name="testGetKeteranganKelulusan_Lulus" classname="PassStatusModuleTest" time="0.0"/>
  <testcase name="testGetStatusKelulusan_NilaiNegatif" classname="PassStatusModuleTest" time="0.001"/>
  <testcase name="testIsLulus_TidakLulus" classname="PassStatusModuleTest" time="0.001"/>
  <testcase name="testIsLulus_BatasKelulusan" classname="PassStatusModuleTest" time="0.0"/>
  <testcase name="testIsLulus_NilaiTidakValid" classname="PassStatusModuleTest" time="0.001"/>
  <testcase name="testIsLulus_Lulus" classname="PassStatusModuleTest" time="0.0"/>
  <testcase name="testGetKeteranganKelulusan_TidakLulus" classname="PassStatusModuleTest" time="0.001"/>
  <testcase name="testGetStatusKelulusan_Lulus" classname="PassStatusModuleTest" time="0.001"/>
  <testcase name="testGetStatusKelulusan_TidakLulus" classname="PassStatusModuleTest" time="0.001"/>
  <testcase name="testGetKeteranganKelulusan_NilaiTidakValid" classname="PassStatusModuleTest" time="0.001"/>
</testsuite>